# JRE version: Java(TM) SE Runtime Environment (8.0_31-b13) (build 1.8.0_31-b13)
# Java VM: Java HotSpot(TM) 64-Bit Server VM (25.31-b07 mixed mode bsd-amd64 compressed oops)
Heap:
 PSYoungGen      total 1087488K, used 983705K [0x000000076ab00000, 0x00000007ba380000, 0x00000007c0000000)
  eden space 1086976K, 90% used [0x000000076ab00000,0x00000007a6b66400,0x00000007ad080000)
  from space 512K, 50% used [0x00000007ba300000,0x00000007ba340000,0x00000007ba380000)
  to   space 12288K, 0% used [0x00000007b8b80000,0x00000007b8b80000,0x00000007b9780000)
 ParOldGen       total 108544K, used 22051K [0x00000006c0000000, 0x00000006c6a00000, 0x000000076ab00000)
  object space 108544K, 20% used [0x00000006c0000000,0x00000006c1588fc0,0x00000006c6a00000)
 Metaspace       used 26232K, capacity 32781K, committed 32896K, reserved 1075200K
  class space    used 5873K, capacity 7801K, committed 7808K, reserved 1048576K
GC Heap History (10 events):
Event: 1639.521 GC heap before
{Heap before GC invocations=13 (full 1):
 PSYoungGen      total 841216K, used 830720K [0x000000076ab00000, 0x00000007a5280000, 0x00000007c0000000)
  eden space 830464K, 100% used [0x000000076ab00000,0x000000079d600000,0x000000079d600000)
  from space 10752K, 2% used [0x000000079d600000,0x000000079d640000,0x000000079e080000)
  to   space 11264K, 0% used [0x00000007a4780000,0x00000007a4780000,0x00000007a5280000)
 ParOldGen       total 108544K, used 21955K [0x00000006c0000000, 0x00000006c6a00000, 0x000000076ab00000)
  object space 108544K, 20% used [0x00000006c0000000,0x00000006c1570fc0,0x00000006c6a00000)
 Metaspace       used 25063K, capacity 31231K, committed 31488K, reserved 1073152K
  class space    used 5723K, capacity 7599K, committed 7680K, reserved 1048576K
Event: 1639.522 GC heap after
Heap after GC invocations=13 (full 1):
 PSYoungGen      total 945664K, used 432K [0x000000076ab00000, 0x00000007acc80000, 0x00000007c0000000)
  eden space 934400K, 0% used [0x000000076ab00000,0x000000076ab00000,0x00000007a3b80000)
  from space 11264K, 3% used [0x00000007a4780000,0x00000007a47ec010,0x00000007a5280000)
  to   space 12288K, 0% used [0x00000007a3b80000,0x00000007a3b80000,0x00000007a4780000)
 ParOldGen       total 108544K, used 22019K [0x00000006c0000000, 0x00000006c6a00000, 0x000000076ab00000)
  object space 108544K, 20% used [0x00000006c0000000,0x00000006c1580fc0,0x00000006c6a00000)
 Metaspace       used 25063K, capacity 31231K, committed 31488K, reserved 1073152K
  class space    used 5723K, capacity 7599K, committed 7680K, reserved 1048576K
}
Event: 2057.304 GC heap before
{Heap before GC invocations=14 (full 1):
 PSYoungGen      total 945664K, used 934832K [0x000000076ab00000, 0x00000007acc80000, 0x00000007c0000000)
  eden space 934400K, 100% used [0x000000076ab00000,0x00000007a3b80000,0x00000007a3b80000)
  from space 11264K, 3% used [0x00000007a4780000,0x00000007a47ec010,0x00000007a5280000)
  to   space 12288K, 0% used [0x00000007a3b80000,0x00000007a3b80000,0x00000007a4780000)
 ParOldGen       total 108544K, used 22019K [0x00000006c0000000, 0x00000006c6a00000, 0x000000076ab00000)
  object space 108544K, 20% used [0x00000006c0000000,0x00000006c1580fc0,0x00000006c6a00000)
 Metaspace       used 25219K, capacity 31423K, committed 31488K, reserved 1073152K
  class space    used 5741K, capacity 7627K, committed 7680K, reserved 1048576K
Event: 2057.305 GC heap after
Heap after GC invocations=14 (full 1):
 PSYoungGen      total 946688K, used 432K [0x000000076ab00000, 0x00000007b2780000, 0x00000007c0000000)
  eden space 934400K, 0% used [0x000000076ab00000,0x000000076ab00000,0x00000007a3b80000)
  from space 12288K, 3% used [0x00000007a3b80000,0x00000007a3bec010,0x00000007a4780000)
  to   space 12288K, 0% used [0x00000007b1b80000,0x00000007b1b80000,0x00000007b2780000)
 ParOldGen       total 108544K, used 22027K [0x00000006c0000000, 0x00000006c6a00000, 0x000000076ab00000)
  object space 108544K, 20% used [0x00000006c0000000,0x00000006c1582fc0,0x00000006c6a00000)
 Metaspace       used 25219K, capacity 31423K, committed 31488K, reserved 1073152K
  class space    used 5741K, capacity 7627K, committed 7680K, reserved 1048576K
}
Event: 2432.341 GC heap before
{Heap before GC invocations=15 (full 1):
 PSYoungGen      total 946688K, used 934832K [0x000000076ab00000, 0x00000007b2780000, 0x00000007c0000000)
  eden space 934400K, 100% used [0x000000076ab00000,0x00000007a3b80000,0x00000007a3b80000)
  from space 12288K, 3% used [0x00000007a3b80000,0x00000007a3bec010,0x00000007a4780000)
  to   space 12288K, 0% used [0x00000007b1b80000,0x00000007b1b80000,0x00000007b2780000)
 ParOldGen       total 108544K, used 22027K [0x00000006c0000000, 0x00000006c6a00000, 0x000000076ab00000)
  object space 108544K, 20% used [0x00000006c0000000,0x00000006c1582fc0,0x00000006c6a00000)
 Metaspace       used 25326K, capacity 31591K, committed 31744K, reserved 1073152K
  class space    used 5753K, capacity 7647K, committed 7680K, reserved 1048576K
Event: 2432.342 GC heap after
Heap after GC invocations=15 (full 1):
 PSYoungGen      total 1115136K, used 328K [0x000000076ab00000, 0x00000007b1c00000, 0x00000007c0000000)
  eden space 1114624K, 0% used [0x000000076ab00000,0x000000076ab00000,0x00000007aeb80000)
  from space 512K, 64% used [0x00000007b1b80000,0x00000007b1bd2010,0x00000007b1c00000)
  to   space 12288K, 0% used [0x00000007b0400000,0x00000007b0400000,0x00000007b1000000)
 ParOldGen       total 108544K, used 22035K [0x00000006c0000000, 0x00000006c6a00000, 0x000000076ab00000)
  object space 108544K, 20% used [0x00000006c0000000,0x00000006c1584fc0,0x00000006c6a00000)
 Metaspace       used 25326K, capacity 31591K, committed 31744K, reserved 1073152K
  class space    used 5753K, capacity 7647K, committed 7680K, reserved 1048576K
}
Event: 3112.069 GC heap before
{Heap before GC invocations=16 (full 1):
 PSYoungGen      total 1115136K, used 1114952K [0x000000076ab00000, 0x00000007b1c00000, 0x00000007c0000000)
  eden space 1114624K, 100% used [0x000000076ab00000,0x00000007aeb80000,0x00000007aeb80000)
  from space 512K, 64% used [0x00000007b1b80000,0x00000007b1bd2010,0x00000007b1c00000)
  to   space 12288K, 0% used [0x00000007b0400000,0x00000007b0400000,0x00000007b1000000)
 ParOldGen       total 108544K, used 22035K [0x00000006c0000000, 0x00000006c6a00000, 0x000000076ab00000)
  object space 108544K, 20% used [0x00000006c0000000,0x00000006c1584fc0,0x00000006c6a00000)
 Metaspace       used 25640K, capacity 32087K, committed 32384K, reserved 1073152K
  class space    used 5795K, capacity 7706K, committed 7808K, reserved 1048576K
Event: 3112.072 GC heap after
Heap after GC invocations=16 (full 1):
 PSYoungGen      total 1152000K, used 256K [0x000000076ab00000, 0x00000007baf80000, 0x00000007c0000000)
  eden space 1139712K, 0% used [0x000000076ab00000,0x000000076ab00000,0x00000007b0400000)
  from space 12288K, 2% used [0x00000007b0400000,0x00000007b0440000,0x00000007b1000000)
  to   space 12800K, 0% used [0x00000007ba300000,0x00000007ba300000,0x00000007baf80000)
 ParOldGen       total 108544K, used 22043K [0x00000006c0000000, 0x00000006c6a00000, 0x000000076ab00000)
  object space 108544K, 20% used [0x00000006c0000000,0x00000006c1586fc0,0x00000006c6a00000)
 Metaspace       used 25640K, capacity 32087K, committed 32384K, reserved 1073152K
  class space    used 5795K, capacity 7706K, committed 7808K, reserved 1048576K
}
Event: 3952.295 GC heap before
{Heap before GC invocations=17 (full 1):
 PSYoungGen      total 1152000K, used 1139968K [0x000000076ab00000, 0x00000007baf80000, 0x00000007c0000000)
  eden space 1139712K, 100% used [0x000000076ab00000,0x00000007b0400000,0x00000007b0400000)
  from space 12288K, 2% used [0x00000007b0400000,0x00000007b0440000,0x00000007b1000000)
  to   space 12800K, 0% used [0x00000007ba300000,0x00000007ba300000,0x00000007baf80000)
 ParOldGen       total 108544K, used 22043K [0x00000006c0000000, 0x00000006c6a00000, 0x000000076ab00000)
  object space 108544K, 20% used [0x00000006c0000000,0x00000006c1586fc0,0x00000006c6a00000)
 Metaspace       used 25814K, capacity 32373K, committed 32640K, reserved 1075200K
  class space    used 5822K, capacity 7744K, committed 7808K, reserved 1048576K
Event: 3952.297 GC heap after
Heap after GC invocations=17 (full 1):
 PSYoungGen      total 1087488K, used 256K [0x000000076ab00000, 0x00000007ba380000, 0x00000007c0000000)
  eden space 1086976K, 0% used [0x000000076ab00000,0x000000076ab00000,0x00000007ad080000)
  from space 512K, 50% used [0x00000007ba300000,0x00000007ba340000,0x00000007ba380000)
  to   space 12288K, 0% used [0x00000007b8b80000,0x00000007b8b80000,0x00000007b9780000)
 ParOldGen       total 108544K, used 22051K [0x00000006c0000000, 0x00000006c6a00000, 0x000000076ab00000)
  object space 108544K, 20% used [0x00000006c0000000,0x00000006c1588fc0,0x00000006c6a00000)
 Metaspace       used 25814K, capacity 32373K, committed 32640K, reserved 1075200K
  class space    used 5822K, capacity 7744K, committed 7808K, reserved 1048576K
}

